2016-05-13 15:07:26,482: INFO - mpcs_utils (line 45): https://localhost:4433/
2016-05-13 15:07:32,136: INFO - mpcs_utils (line 91): https://localhost:4433/login
2016-05-13 15:07:33,820: INFO - mpcs_utils (line 58): https://localhost:4433/register
2016-05-13 15:07:35,167: INFO - mpcs_utils (line 91): https://localhost:4433/login
2016-05-13 15:07:37,171: INFO - mpcs_utils (line 58): https://localhost:4433/register
2016-05-13 15:07:37,587: INFO - mpcs_utils (line 91): https://localhost:4433/login
2016-05-13 15:07:38,148: INFO - mpcs_utils (line 45): https://localhost:4433/
2016-05-13 15:17:56,864: INFO - mpcs_utils (line 58): https://localhost:4433/register
2016-05-13 15:20:18,153: INFO - mpcs_utils (line 91): https://localhost:4433/login
2016-05-13 15:20:27,229: INFO - mpcs_utils (line 91): https://localhost:4433/login
2016-05-13 15:23:32,705: INFO - mpcs_utils (line 58): https://localhost:4433/register
2016-05-13 15:24:49,290: INFO - mpcs_utils (line 58): https://localhost:4433/register
2016-05-13 15:32:08,694: INFO - mpcs_utils (line 58): https://localhost:4433/register
2016-05-13 15:32:12,277: INFO - mpcs_utils (line 76): https://localhost:4433/register/f4ca5b2fdc844280b95bff6bf2ca10e0
2016-05-13 15:32:16,916: INFO - mpcs_utils (line 91): https://localhost:4433/login
2016-05-13 15:32:39,396: INFO - mpcs_utils (line 45): https://localhost:4433/
2016-05-13 15:32:41,504: INFO - mpcs_utils (line 45): https://localhost:4433/
2016-05-13 15:36:12,062: INFO - mpcs_utils (line 45): https://localhost:4433/
2016-05-13 15:36:13,617: INFO - mpcs_utils (line 111): https://localhost:4433/logout
2016-05-13 15:36:13,633: INFO - mpcs_utils (line 91): https://localhost:4433/login
2016-05-13 15:36:16,833: INFO - mpcs_utils (line 91): https://localhost:4433/login?redirect_url=https://localhost:4433/annotate
2016-05-13 15:36:19,050: INFO - mpcs_utils (line 45): https://localhost:4433/
2016-05-13 15:36:22,309: INFO - mpcs_utils (line 91): https://localhost:4433/login?redirect_url=https://localhost:4433/annotate
2016-05-13 15:42:05,910: INFO - mpcs_utils (line 91): https://localhost:4433/login?redirect_url=https://localhost:4433/annotate
2016-05-13 15:42:08,988: INFO - mpcs_utils (line 45): https://localhost:4433/
2016-05-13 15:43:12,968: INFO - mpcs_utils (line 45): https://localhost:4433/
2016-05-13 16:21:03,954: INFO - mpcs_utils (line 45): https://localhost:4433/
2016-05-13 17:16:31,448: INFO - mpcs_utils (line 45): https://localhost:4433/
2016-05-13 17:16:50,504: INFO - mpcs_utils (line 45): https://localhost:4433/
2016-05-13 17:16:54,966: INFO - mpcs_utils (line 45): https://localhost:4433/
2016-05-13 17:20:30,087: INFO - mpcs_utils (line 111): https://localhost:4433/logout
2016-05-13 17:20:30,106: INFO - mpcs_utils (line 91): https://localhost:4433/login
2016-05-13 17:20:35,134: INFO - mpcs_utils (line 91): https://localhost:4433/login?redirect_url=https://localhost:4433/annotate
2016-05-13 17:20:39,831: INFO - mpcs_utils (line 91): https://localhost:4433/login?redirect_url=https://localhost:4433/annotations/6a9bf673-4fc4-4f0f-99ae-e9e63415c2d4
2016-05-13 17:23:16,664: INFO - mpcs_utils (line 45): https://localhost:4433/
2016-05-13 18:36:29,012: INFO - mpcs_utils (line 45): https://localhost:4433/
2016-05-13 18:36:39,473: INFO - mpcs_utils (line 45): https://localhost:4433/
2016-05-13 18:42:34,017: INFO - mpcs_utils (line 111): https://localhost:4433/logout
2016-05-13 18:42:34,032: INFO - mpcs_utils (line 91): https://localhost:4433/login
2016-05-13 18:42:35,688: INFO - mpcs_utils (line 58): https://localhost:4433/register
2016-05-13 18:42:38,557: INFO - mpcs_utils (line 91): https://localhost:4433/login
2016-05-13 20:53:19,326: INFO - mpcs_utils (line 45): https://localhost:4433/
2016-05-13 21:00:22,467: INFO - mpcs_utils (line 45): https://localhost:4433/
2016-05-13 21:03:13,373: INFO - mpcs_utils (line 45): https://localhost:4433/
2016-05-13 21:11:52,586: INFO - mpcs_utils (line 45): https://localhost:4433/
2016-05-13 21:18:36,947: INFO - mpcs_utils (line 45): https://localhost:4433/
2016-05-13 21:27:02,685: INFO - mpcs_utils (line 45): https://localhost:4433/
2016-05-13 21:34:47,517: INFO - mpcs_utils (line 45): https://localhost:4433/
2016-05-13 22:06:03,313: INFO - mpcs_utils (line 45): https://localhost:4433/
2016-05-13 22:06:11,085: INFO - mpcs_utils (line 45): https://localhost:4433/
2016-05-13 22:08:44,104: INFO - mpcs_utils (line 45): https://localhost:4433/
2016-05-14 00:01:35,615: INFO - mpcs_utils (line 45): https://localhost:4433/
2016-05-14 00:02:28,827: INFO - mpcs_utils (line 45): https://localhost:4433/
2016-05-14 00:45:07,032: INFO - mpcs_utils (line 45): https://localhost:4433/
2016-05-14 00:46:09,233: INFO - mpcs_utils (line 45): https://localhost:4433/
2016-05-14 00:46:26,799: INFO - mpcs_utils (line 45): https://localhost:4433/
2016-05-14 01:06:19,264: INFO - mpcs_utils (line 45): https://localhost:4433/
2016-05-14 01:06:42,469: INFO - mpcs_utils (line 45): https://localhost:4433/
2016-05-14 01:15:09,312: INFO - mpcs_utils (line 45): https://localhost:4433/
2016-05-14 01:50:46,879: INFO - mpcs_utils (line 45): https://localhost:4433/
2016-05-14 01:52:06,099: INFO - mpcs_utils (line 45): https://localhost:4433/
2016-05-14 03:14:51,667: INFO - mpcs_utils (line 44): https://localhost:4433/
2016-05-14 03:15:53,236: INFO - mpcs_utils (line 44): https://localhost:4433/
2016-05-14 03:36:25,264: INFO - mpcs_utils (line 44): https://localhost:4433/
2016-05-14 13:49:29,752: INFO - mpcs_utils (line 44): https://localhost:4433/
2016-05-14 13:49:36,128: INFO - mpcs_utils (line 110): https://localhost:4433/logout
2016-05-14 13:49:36,142: INFO - mpcs_utils (line 90): https://localhost:4433/login
2016-05-14 13:49:38,882: INFO - mpcs_utils (line 57): https://localhost:4433/register
2016-05-14 14:50:45,857: INFO - mpcs_utils (line 39): https://localhost:4433/
2016-05-14 14:50:48,530: INFO - mpcs_utils (line 85): https://localhost:4433/login
2016-05-14 15:06:02,293: INFO - mpcs_utils (line 39): https://localhost:4433/
2016-05-14 15:06:11,100: INFO - mpcs_utils (line 39): https://localhost:4433/
2016-05-14 15:09:55,830: INFO - mpcs_utils (line 39): https://localhost:4433/
2016-05-14 15:10:49,984: INFO - mpcs_utils (line 39): https://localhost:4433/
2016-05-14 15:21:39,756: INFO - mpcs_utils (line 39): https://localhost:4433/
2016-05-14 15:22:56,420: INFO - mpcs_utils (line 39): https://localhost:4433/
2016-05-14 15:29:29,474: INFO - mpcs_utils (line 39): https://localhost:4433/
2016-05-14 15:50:34,643: INFO - mpcs_utils (line 39): https://localhost:4433/
2016-05-14 16:30:58,271: INFO - mpcs_utils (line 39): https://localhost:4433/
2016-05-14 16:59:08,072: INFO - mpcs_utils (line 39): https://localhost:4433/
2016-05-14 16:59:10,673: INFO - mpcs_utils (line 105): https://localhost:4433/logout
2016-05-14 16:59:10,689: INFO - mpcs_utils (line 85): https://localhost:4433/login
2016-05-14 16:59:11,927: INFO - mpcs_utils (line 52): https://localhost:4433/register
2016-05-14 17:02:57,603: INFO - mpcs_utils (line 39): https://localhost:4433/
2016-05-14 17:34:26,409: INFO - mpcs_utils (line 85): https://localhost:4433/login
2016-05-15 12:07:25,483: INFO - mpcs_utils (line 39): https://localhost:4433/
2016-05-15 12:07:41,087: INFO - mpcs_utils (line 39): https://localhost:4433/
2016-05-15 12:07:42,744: INFO - mpcs_utils (line 85): https://localhost:4433/login
2016-05-15 12:14:34,164: INFO - mpcs_utils (line 39): https://localhost:4433/
2016-05-15 12:14:36,618: INFO - mpcs_utils (line 39): https://localhost:4433/
2016-05-15 12:14:38,398: INFO - mpcs_utils (line 39): https://localhost:4433/
2016-05-15 12:24:53,739: INFO - mpcs_utils (line 39): https://localhost:4433/
2016-05-15 12:24:59,607: INFO - mpcs_utils (line 39): https://localhost:4433/
2016-05-15 12:25:01,053: INFO - mpcs_utils (line 39): https://localhost:4433/
2016-05-15 12:25:57,679: INFO - mpcs_utils (line 39): https://localhost:4433/
2016-05-15 15:35:53,922: INFO - mpcs_utils (line 39): https://localhost:4433/
2016-05-15 16:08:58,310: INFO - mpcs_utils (line 39): https://localhost:4433/
2016-05-15 16:42:35,122: INFO - mpcs_utils (line 105): https://localhost:4433/logout
2016-05-15 16:42:35,138: INFO - mpcs_utils (line 85): https://localhost:4433/login
2016-05-15 16:42:55,577: INFO - mpcs_utils (line 105): https://localhost:4433/logout
2016-05-15 16:42:55,592: INFO - mpcs_utils (line 85): https://localhost:4433/login
2016-05-16 01:51:48,861: INFO - mpcs_utils (line 39): https://localhost:4433/
2016-05-16 02:38:14,255: INFO - mpcs_utils (line 105): https://localhost:4433/logout
2016-05-16 02:38:14,271: INFO - mpcs_utils (line 85): https://localhost:4433/login
2016-05-16 02:44:57,203: INFO - mpcs_utils (line 39): https://localhost:4433/
2016-05-16 02:45:48,486: INFO - mpcs_utils (line 39): https://localhost:4433/
2016-05-16 02:45:54,003: INFO - mpcs_utils (line 39): https://localhost:4433/
2016-05-16 02:47:25,537: INFO - mpcs_utils (line 105): https://localhost:4433/logout
2016-05-16 02:47:25,553: INFO - mpcs_utils (line 85): https://localhost:4433/login
2016-05-16 02:47:26,787: INFO - mpcs_utils (line 85): https://localhost:4433/login
2016-05-16 02:49:08,931: INFO - mpcs_utils (line 39): https://localhost:4433/
2016-05-16 02:50:22,300: INFO - mpcs_utils (line 39): https://localhost:4433/
2016-05-16 10:39:48,062: INFO - mpcs_utils (line 39): https://localhost:4433/
2016-05-16 10:41:29,445: INFO - mpcs_utils (line 39): https://localhost:4433/
2016-05-17 12:47:44,114: INFO - mpcs_utils (line 39): https://localhost:4433/
2016-05-17 12:47:46,451: INFO - mpcs_utils (line 85): https://localhost:4433/login
2016-05-17 13:03:55,800: INFO - mpcs_utils (line 105): https://localhost:4433/logout
2016-05-17 13:03:55,814: INFO - mpcs_utils (line 85): https://localhost:4433/login
2016-05-17 14:11:05,247: INFO - mpcs_utils (line 40): https://localhost:4433/
2016-05-17 14:11:15,936: INFO - mpcs_utils (line 40): https://localhost:4433/
2016-05-17 14:11:17,372: INFO - mpcs_utils (line 40): https://localhost:4433/annotations
2016-05-17 14:11:21,175: INFO - mpcs_utils (line 40): https://localhost:4433/annotations
2016-05-17 14:11:25,670: INFO - mpcs_utils (line 40): https://localhost:4433/
2016-05-17 14:11:28,335: INFO - mpcs_utils (line 40): https://localhost:4433/annotations
2016-05-17 14:11:31,148: INFO - mpcs_utils (line 40): https://localhost:4433/annotations/4965eccf-57c6-4577-9e54-ec95d080f348
2016-05-17 14:11:35,245: INFO - mpcs_utils (line 40): https://localhost:4433/annotations
2016-05-17 14:11:39,087: INFO - mpcs_utils (line 40): https://localhost:4433/annotations
2016-05-17 14:11:42,861: INFO - mpcs_utils (line 40): https://localhost:4433/annotations/0c3d2b45-b675-47f9-8aa6-5c2174a36f58
2016-05-17 14:11:50,095: INFO - mpcs_utils (line 40): https://localhost:4433/annotations
2016-05-17 14:15:12,706: INFO - mpcs_utils (line 40): https://localhost:4433/
2016-05-17 14:15:14,437: INFO - mpcs_utils (line 40): https://localhost:4433/annotations
2016-05-17 14:15:18,235: INFO - mpcs_utils (line 40): https://localhost:4433/annotate
2016-05-17 14:15:31,313: INFO - mpcs_utils (line 40): https://localhost:4433/annotations
2016-05-17 14:15:36,402: INFO - mpcs_utils (line 40): https://localhost:4433/annotations/de2aebfe-7ff3-49a4-8ad8-09d758624c18
2016-05-17 14:18:05,751: INFO - mpcs_utils (line 40): https://localhost:4433/annotations/de2aebfe-7ff3-49a4-8ad8-09d758624c18
2016-05-17 14:18:11,313: INFO - mpcs_utils (line 40): https://localhost:4433/annotations/de2aebfe-7ff3-49a4-8ad8-09d758624c1
2016-05-17 14:18:26,860: INFO - mpcs_utils (line 40): https://localhost:4433/
2016-05-18 14:30:29,107: INFO - mpcs_utils (line 73): https://localhost:4433/
2016-05-18 14:30:31,574: INFO - mpcs_utils (line 119): https://localhost:4433/login
2016-05-18 14:30:37,614: INFO - mpcs_utils (line 119): https://localhost:4433/login
2016-05-18 14:30:46,796: INFO - mpcs_utils (line 43): https://localhost:4433/annotations
2016-05-18 14:30:50,410: INFO - mpcs_utils (line 43): https://localhost:4433/annotate
2016-05-18 14:30:56,288: INFO - mpcs_utils (line 43): https://localhost:4433/annotate/job?bucket=gas-inputs&key=zuomingli%2F0c375aea-df8e-4465-977a-942d12deb8c2%7Etest.vcf&etag=%22d41d8cd98f00b204e9800998ecf8427e%22
2016-05-18 14:31:00,432: INFO - mpcs_utils (line 43): https://localhost:4433/annotations/t
2016-05-18 14:31:03,484: INFO - mpcs_utils (line 43): https://localhost:4433/annotations
2016-05-18 14:32:19,758: INFO - mpcs_utils (line 43): https://localhost:4433/annotations
2016-05-18 14:32:25,762: INFO - mpcs_utils (line 43): https://localhost:4433/annotate
2016-05-18 14:32:30,995: INFO - mpcs_utils (line 43): https://localhost:4433/annotate/job?bucket=gas-inputs&key=zuomingli%2F38741965-a878-4d5c-94d5-439278c1218d%7Etest.vcf&etag=%22d41d8cd98f00b204e9800998ecf8427e%22
2016-05-18 14:32:33,915: INFO - mpcs_utils (line 43): https://localhost:4433/annotations/38741965-a878-4d5c-94d5-439278c1218d
2016-05-18 14:32:37,245: INFO - mpcs_utils (line 43): https://localhost:4433/annotations
2016-05-18 14:36:32,102: INFO - mpcs_utils (line 43): https://localhost:4433/annotations
2016-05-18 14:39:21,504: INFO - mpcs_utils (line 43): https://localhost:4433/annotations
2016-05-18 14:39:24,645: INFO - mpcs_utils (line 43): https://localhost:4433/annotate
2016-05-18 14:39:30,235: INFO - mpcs_utils (line 43): https://localhost:4433/annotate/job?bucket=gas-inputs&key=zuomingli%2Ff7d97df8-cf96-4a04-b847-4d766d554a0a%7Etest.vcf&etag=%22d41d8cd98f00b204e9800998ecf8427e%22
2016-05-18 14:39:33,076: INFO - mpcs_utils (line 43): https://localhost:4433/annotations
2016-05-18 14:46:38,080: INFO - mpcs_utils (line 43): https://localhost:4433/annotations
2016-05-18 14:46:40,919: INFO - mpcs_utils (line 43): https://localhost:4433/annotations
2016-05-18 14:46:43,300: INFO - mpcs_utils (line 43): https://localhost:4433/annotations/f7d97df8-cf96-4a04-b847-4d766d554a0a
2016-05-18 14:46:45,270: INFO - mpcs_utils (line 43): https://localhost:4433/
2016-05-18 14:48:42,402: INFO - mpcs_utils (line 43): https://localhost:4433/annotations/f7d97df8-cf96-4a04-b847-4d766d554a0a
2016-05-18 14:53:13,387: INFO - mpcs_utils (line 43): https://localhost:4433/profile
2016-05-18 14:53:16,502: INFO - mpcs_utils (line 43): https://localhost:4433/
2016-05-20 11:10:20,932: INFO - mpcs_utils (line 78): https://localhost:4433/
2016-05-20 11:16:10,769: INFO - mpcs_utils (line 76): https://localhost:4433/
2016-05-20 11:16:36,013: INFO - mpcs_utils (line 126): https://localhost:4433/login
2016-05-20 11:16:42,602: INFO - mpcs_utils (line 61): https://localhost:4433/annotations
2016-05-20 11:16:47,423: INFO - mpcs_utils (line 76): https://localhost:4433/
2016-05-20 11:17:11,979: INFO - mpcs_utils (line 76): https://localhost:4433/
2016-05-20 11:18:24,605: INFO - mpcs_utils (line 76): https://localhost:4433/
2016-05-20 11:19:41,270: INFO - mpcs_utils (line 76): https://localhost:4433/
2016-05-20 11:20:09,433: INFO - mpcs_utils (line 76): https://localhost:4433/
2016-05-20 11:21:54,700: INFO - mpcs_utils (line 76): https://localhost:4433/
2016-05-20 11:22:34,946: INFO - mpcs_utils (line 76): https://localhost:4433/
2016-05-21 14:15:49,177: INFO - mpcs_utils (line 76): https://localhost:4433/
2016-05-21 14:15:52,565: INFO - mpcs_utils (line 128): https://localhost:4433/login
2016-05-21 14:15:53,540: INFO - mpcs_utils (line 92): https://localhost:4433/register
2016-05-21 14:15:57,439: INFO - mpcs_utils (line 76): https://localhost:4433/
2016-05-21 14:15:59,406: INFO - mpcs_utils (line 128): https://localhost:4433/login
2016-05-21 14:16:06,316: INFO - mpcs_utils (line 128): https://localhost:4433/login
2016-05-21 14:16:13,585: INFO - mpcs_utils (line 61): https://localhost:4433/annotations
2016-05-21 14:16:16,531: INFO - mpcs_utils (line 61): https://localhost:4433/annotate
2016-05-21 14:16:24,617: INFO - mpcs_utils (line 61): https://localhost:4433/annotations
2016-05-21 14:16:26,820: INFO - mpcs_utils (line 61): https://localhost:4433/profile
2016-05-21 14:16:29,676: INFO - mpcs_utils (line 61): https://localhost:4433/subscribe
2016-05-21 14:16:38,121: INFO - mpcs_utils (line 61): https://localhost:4433/annotate
2016-05-21 14:16:41,488: INFO - mpcs_utils (line 61): https://localhost:4433/annotate
2016-05-21 14:16:42,103: INFO - mpcs_utils (line 61): https://localhost:4433/annotations
2016-05-21 14:16:45,953: INFO - mpcs_utils (line 61): https://localhost:4433/annotate
2016-05-21 14:16:50,533: INFO - mpcs_utils (line 61): https://localhost:4433/profile
2016-05-21 14:16:52,461: INFO - mpcs_utils (line 61): https://localhost:4433/annotate
2016-05-21 14:16:55,832: INFO - mpcs_utils (line 61): https://localhost:4433/annotate
2016-05-21 14:17:00,160: INFO - mpcs_utils (line 61): https://localhost:4433/annotate
2016-05-21 14:17:02,606: INFO - mpcs_utils (line 61): https://localhost:4433/annotations
2016-05-21 14:17:05,975: INFO - mpcs_utils (line 61): https://localhost:4433/profile
2016-05-21 14:22:58,833: INFO - mpcs_utils (line 61): https://localhost:4433/annotations
2016-05-21 14:23:01,130: INFO - mpcs_utils (line 61): https://localhost:4433/annotate
2016-05-21 14:23:05,181: INFO - mpcs_utils (line 149): https://localhost:4433/logout
2016-05-21 14:23:05,271: INFO - mpcs_utils (line 128): https://localhost:4433/login
2016-05-21 14:23:06,298: INFO - mpcs_utils (line 128): https://localhost:4433/login
2016-05-21 14:24:13,457: INFO - mpcs_utils (line 128): https://localhost:4433/login
2016-05-21 14:25:00,361: INFO - mpcs_utils (line 128): https://localhost:4433/login
2016-05-21 14:25:19,522: INFO - mpcs_utils (line 76): https://localhost:4433/
2016-05-21 14:25:24,347: INFO - mpcs_utils (line 128): https://localhost:4433/login
2016-05-21 14:25:49,175: INFO - mpcs_utils (line 128): https://localhost:4433/login
2016-05-21 14:25:55,329: INFO - mpcs_utils (line 92): https://localhost:4433/register
2016-05-21 14:26:11,042: INFO - mpcs_utils (line 128): https://localhost:4433/login
2016-05-21 14:26:24,637: INFO - mpcs_utils (line 61): https://localhost:4433/annotations
2016-05-21 14:26:59,421: INFO - mpcs_utils (line 128): https://localhost:4433/login
2016-05-21 14:27:10,199: INFO - mpcs_utils (line 128): https://localhost:4433/login
2016-05-21 14:28:07,910: INFO - mpcs_utils (line 128): https://localhost:4433/login
2016-05-21 14:29:33,324: INFO - mpcs_utils (line 128): https://localhost:4433/login
2016-05-21 14:30:21,598: INFO - mpcs_utils (line 128): https://localhost:4433/login
2016-05-21 14:30:28,462: INFO - mpcs_utils (line 92): https://localhost:4433/register
2016-05-21 14:30:37,462: INFO - mpcs_utils (line 128): https://localhost:4433/login
2016-05-21 14:30:46,921: INFO - mpcs_utils (line 61): https://localhost:4433/annotations
2016-05-21 14:30:50,016: INFO - mpcs_utils (line 61): https://localhost:4433/annotate
2016-05-21 14:31:19,717: INFO - mpcs_utils (line 76): https://localhost:4433/
2016-05-21 14:31:26,905: INFO - mpcs_utils (line 61): https://localhost:4433/profile
2016-05-21 14:31:29,067: INFO - mpcs_utils (line 61): https://localhost:4433/subscribe
2016-05-21 14:31:48,492: INFO - mpcs_utils (line 61): https://localhost:4433/annotations
2016-05-23 12:09:54,135: INFO - mpcs_utils (line 76): https://localhost:4433/
2016-05-23 12:09:56,623: INFO - mpcs_utils (line 128): https://localhost:4433/login
2016-05-23 12:10:01,212: INFO - mpcs_utils (line 61): https://localhost:4433/annotations
2016-05-23 12:10:03,608: INFO - mpcs_utils (line 61): https://localhost:4433/annotate
2016-05-23 12:11:30,740: INFO - mpcs_utils (line 61): https://localhost:4433/annotate/job?bucket=gas-inputs&key=zuomingli%2F669fd1c4-457a-40a8-820b-29636f981a61%7Efree_1.vcf&etag=%2261944fe99310bd5f7f9429104f7b5215%22
2016-05-23 12:21:34,946: INFO - mpcs_utils (line 61): https://localhost:4433/annotations
2016-05-23 12:21:50,032: INFO - mpcs_utils (line 61): https://localhost:4433/profile
2016-05-27 14:59:53,316: INFO - mpcs_utils (line 76): https://localhost:4433/
2016-05-27 15:01:24,437: INFO - mpcs_utils (line 76): https://localhost:4433/
2016-05-27 15:02:10,347: INFO - mpcs_utils (line 76): https://localhost:4433/
